[debug] [2021-08-21T17:31:43.275Z] ----------------------------------------------------------------------
[debug] [2021-08-21T17:31:43.281Z] Command:       C:\Program Files\nodejs\node.exe C:\Users\Mridul Jain\AppData\Roaming\npm\node_modules\firebase-tools\lib\bin\firebase.js init
[debug] [2021-08-21T17:31:43.282Z] CLI Version:   9.16.5
[debug] [2021-08-21T17:31:43.283Z] Platform:      win32
[debug] [2021-08-21T17:31:43.283Z] Node Version:  v14.17.3
[debug] [2021-08-21T17:31:43.286Z] Time:          Sat Aug 21 2021 23:01:43 GMT+0530 (India Standard Time)
[debug] [2021-08-21T17:31:43.286Z] ----------------------------------------------------------------------
[debug] 
[debug] [2021-08-21T17:31:43.309Z] > command requires scopes: ["email","openid","https://www.googleapis.com/auth/cloudplatformprojects.readonly","https://www.googleapis.com/auth/firebase","https://www.googleapis.com/auth/cloud-platform"]
[debug] [2021-08-21T17:31:43.309Z] > authorizing via signed-in user (jainmridul2000@gmail.com)
[info] 
     ######## #### ########  ######## ########     ###     ######  ########
     ##        ##  ##     ## ##       ##     ##  ##   ##  ##       ##
     ######    ##  ########  ######   ########  #########  ######  ######
     ##        ##  ##    ##  ##       ##     ## ##     ##       ## ##
     ##       #### ##     ## ######## ########  ##     ##  ######  ########

You're about to initialize a Firebase project in this directory:

  D:\DATA\PEP DEV\React\reels

[info] 
=== Project Setup
[info] 
[info] First, let's associate this project directory with a Firebase project.
[info] You can create multiple project aliases by running firebase use --add, 
[info] but for now we'll just set up a default project.
[info] 
